  AIQuitTask.cpp
C:\Users\lharispe\Documents\GitHub\IA_proj\Project2\AIQuitTask.cpp(13,16): warning C4244: '=' : conversion de 'int' en 'float', perte possible de données
C:\Users\lharispe\Documents\GitHub\IA_proj\Project2\AIQuitTask.cpp(14,16): warning C4244: '=' : conversion de 'int' en 'float', perte possible de données
C:\Users\lharispe\Documents\GitHub\IA_proj\Project2\AIQuitTask.cpp(42,25): warning C4244: '=' : conversion de 'float' en 'int', perte possible de données
C:\Users\lharispe\Documents\GitHub\IA_proj\Project2\AIQuitTask.cpp(43,25): warning C4244: '=' : conversion de 'float' en 'int', perte possible de données
  BehaviourTree.cpp
  main.cpp
  Morning.cpp
C:\Users\lharispe\Documents\GitHub\IA_proj\Project2\Morning.cpp(85,12): warning C4244: 'argument' : conversion de 'time_t' en 'unsigned int', perte possible de données
C:\Users\lharispe\Documents\GitHub\IA_proj\Project2\Morning.cpp(88,37): warning C4244: '=' : conversion de 'float' en 'int', perte possible de données
C:\Users\lharispe\Documents\GitHub\IA_proj\Project2\Morning.cpp(89,37): warning C4244: '=' : conversion de 'float' en 'int', perte possible de données
C:\Users\lharispe\Documents\GitHub\IA_proj\Project2\Morning.cpp(90,77): warning C4244: '=' : conversion de 'T' en 'int', perte possible de données
C:\Users\lharispe\Documents\GitHub\IA_proj\Project2\Morning.cpp(90,77): warning C4244:         with
C:\Users\lharispe\Documents\GitHub\IA_proj\Project2\Morning.cpp(90,77): warning C4244:         [
C:\Users\lharispe\Documents\GitHub\IA_proj\Project2\Morning.cpp(90,77): warning C4244:             T=float
C:\Users\lharispe\Documents\GitHub\IA_proj\Project2\Morning.cpp(90,77): warning C4244:         ]
C:\Users\lharispe\Documents\GitHub\IA_proj\Project2\Morning.cpp(91,77): warning C4244: '=' : conversion de 'T' en 'int', perte possible de données
C:\Users\lharispe\Documents\GitHub\IA_proj\Project2\Morning.cpp(91,77): warning C4244:         with
C:\Users\lharispe\Documents\GitHub\IA_proj\Project2\Morning.cpp(91,77): warning C4244:         [
C:\Users\lharispe\Documents\GitHub\IA_proj\Project2\Morning.cpp(91,77): warning C4244:             T=float
C:\Users\lharispe\Documents\GitHub\IA_proj\Project2\Morning.cpp(91,77): warning C4244:         ]
  Menu.cpp
  MoveToTask.cpp
C:\Users\lharispe\Documents\GitHub\IA_proj\Project2\MoveToTask.cpp(9,22): warning C4244: '=' : conversion de 'int' en 'float', perte possible de données
C:\Users\lharispe\Documents\GitHub\IA_proj\Project2\MoveToTask.cpp(10,22): warning C4244: '=' : conversion de 'int' en 'float', perte possible de données
C:\Users\lharispe\Documents\GitHub\IA_proj\Project2\MoveToTask.cpp(12,16): warning C4244: '=' : conversion de 'int' en 'float', perte possible de données
C:\Users\lharispe\Documents\GitHub\IA_proj\Project2\MoveToTask.cpp(13,16): warning C4244: '=' : conversion de 'int' en 'float', perte possible de données
C:\Users\lharispe\Documents\GitHub\IA_proj\Project2\MoveToTask.cpp(41,25): warning C4244: '=' : conversion de 'float' en 'int', perte possible de données
C:\Users\lharispe\Documents\GitHub\IA_proj\Project2\MoveToTask.cpp(42,25): warning C4244: '=' : conversion de 'float' en 'int', perte possible de données
  Npc.cpp
  Scene.cpp
  SceneManager.cpp
  WaitTask.cpp
C:\Users\lharispe\Documents\GitHub\IA_proj\Project2\WaitTask.cpp(10,16): warning C4244: '=' : conversion de 'int' en 'float', perte possible de données
C:\Users\lharispe\Documents\GitHub\IA_proj\Project2\WaitTask.cpp(11,16): warning C4244: '=' : conversion de 'int' en 'float', perte possible de données
  Génération de code en cours...
  Project2.vcxproj -> C:\Users\lharispe\Documents\GitHub\IA_proj\x64\Debug\Project2.exe
